Tue Apr 26 12:41:27 -03 2022


=============== CUB3D DESTROYER - DAMAGE REPORT ===============



=====================[DESTROYED STUFF # 1]=====================
./invalid_maps/invalid_tex_EA_009.cub
 EA ./.xpm/ea_redbrick.xpm
NO ./.xpm/no_redbrick.xpm
SO ./.xpm/so_redbrick.xpm
WE ./.xpm/we_redbrick.xpm
C 255,200,160
F 122,122,122

11111111111111111
10000000000000001
10000000000000001
10000000000000001
10000000000000001
10000000000000001
10000000N00000001
10000000000000001
10000000000000001
10000000000000001
10000000000000001
10000000000000001
11111111111111111


PARSER OUTPUT:


=====================[DESTROYED STUFF # 2]=====================
./invalid_maps/invalid_tex_EA_016.cub
WE ./.xpm/we_redbrick.xpm
NO ./.xpm/no_redbrick.xpm
SO ./.xpm/so_redbrick.xpm
C 255,200,160
F 122,122,122

11111111111111111
10000000000000001
10000000000000001
10000000000000001
10000000000000001
10000000000000001
10000000N00000001
10000000000000001
10000000000000001
10000000000000001
10000000000000001
10000000000000001
11111111111111111

EA ./wolftex/greystone.png


PARSER OUTPUT:
